2020-08-24 16:46:27,844 - D:/panrui/svn_profile_dingdian/src/python/BDWorkflow/RunSqoop.py[line:149] - INFO: 
SELECT a.ID,a.SRC_USER,a.DST_USER,a.C_TABLE,a.P_KEY,a.TYPE_TAB,a.OPR_DIMENSION,a.COL_DIMENSION,a.OPR_COLUMN,a.OPR_TYPE,a.SRC_DB_ID,a.DST_DB_ID,
b.DB_LINK AS SRC_DB,b.DATABASE_NAME AS SRC_DATABASE_NAME,b.TYPE AS SRC_TYPE,b.USER_NAME AS SRC_USER_NAME,b.PASSWORD AS SRC_PASSWORD,
IFNULL(c.TABLE_NAME,a.SRC_TAB) AS SRC_TAB,IFNULL(c.TABLE_NAME_CN,a.SRC_TAB) AS SRC_TAB_CN,
d.DB_LINK AS DST_DB,d.DATABASE_NAME AS DST_DATABASE_NAME,d.TYPE AS DST_TYPE,d.USER_NAME AS DST_USER_NAME,d.PASSWORD AS DST_PASSWORD,
IFNULL(e.TABLE_NAME,a.DST_TAB) AS DST_TAB,IFNULL(e.TABLE_NAME_CN,a.DST_TAB) AS DST_TAB_CN
FROM t_job_sqoop_proc a
LEFT JOIN t_srm_datasource b ON a.SRC_DB_ID=b.ID
LEFT JOIN t_table c ON (a.SRC_TAB=c.TABLE_NAME AND a.SRC_USER=c.OWNER)
LEFT JOIN t_srm_datasource d ON a.DST_DB_ID=d.ID
LEFT JOIN t_table e ON (a.DST_TAB=e.TABLE_NAME AND a.DST_USER=e.OWNER)
WHERE a.GROUP_ID=69
 AND a.ID IN (151)
2020-08-24 16:49:56,719 - D:/panrui/svn_profile_dingdian/src/python/BDWorkflow/RunSqoop.py[line:149] - INFO: 
SELECT a.ID,a.SRC_USER,a.DST_USER,a.C_TABLE,a.P_KEY,a.TYPE_TAB,a.OPR_DIMENSION,a.COL_DIMENSION,a.OPR_COLUMN,a.OPR_TYPE,a.SRC_DB_ID,a.DST_DB_ID,
b.DB_LINK AS SRC_DB,b.DATABASE_NAME AS SRC_DATABASE_NAME,b.TYPE AS SRC_TYPE,b.USER_NAME AS SRC_USER_NAME,b.PASSWORD AS SRC_PASSWORD,
IFNULL(c.TABLE_NAME,a.SRC_TAB) AS SRC_TAB,IFNULL(c.TABLE_NAME_CN,a.SRC_TAB) AS SRC_TAB_CN,
d.DB_LINK AS DST_DB,d.DATABASE_NAME AS DST_DATABASE_NAME,d.TYPE AS DST_TYPE,d.USER_NAME AS DST_USER_NAME,d.PASSWORD AS DST_PASSWORD,
IFNULL(e.TABLE_NAME,a.DST_TAB) AS DST_TAB,IFNULL(e.TABLE_NAME_CN,a.DST_TAB) AS DST_TAB_CN
FROM t_job_sqoop_proc a
LEFT JOIN t_srm_datasource b ON a.SRC_DB_ID=b.ID
LEFT JOIN t_table c ON (a.SRC_TAB=c.TABLE_NAME AND a.SRC_USER=c.OWNER)
LEFT JOIN t_srm_datasource d ON a.DST_DB_ID=d.ID
LEFT JOIN t_table e ON (a.DST_TAB=e.TABLE_NAME AND a.DST_USER=e.OWNER)
WHERE a.GROUP_ID=69
 AND a.ID IN (151)
2020-08-24 16:50:31,359 - D:/panrui/svn_profile_dingdian/src/python/BDWorkflow/RunSqoop.py[line:149] - INFO: 
SELECT a.ID,a.SRC_USER,a.DST_USER,a.C_TABLE,a.P_KEY,a.TYPE_TAB,a.OPR_DIMENSION,a.COL_DIMENSION,a.OPR_COLUMN,a.OPR_TYPE,a.SRC_DB_ID,a.DST_DB_ID,
b.DB_LINK AS SRC_DB,b.DATABASE_NAME AS SRC_DATABASE_NAME,b.TYPE AS SRC_TYPE,b.USER_NAME AS SRC_USER_NAME,b.PASSWORD AS SRC_PASSWORD,
IFNULL(c.TABLE_NAME,a.SRC_TAB) AS SRC_TAB,IFNULL(c.TABLE_NAME_CN,a.SRC_TAB) AS SRC_TAB_CN,
d.DB_LINK AS DST_DB,d.DATABASE_NAME AS DST_DATABASE_NAME,d.TYPE AS DST_TYPE,d.USER_NAME AS DST_USER_NAME,d.PASSWORD AS DST_PASSWORD,
IFNULL(e.TABLE_NAME,a.DST_TAB) AS DST_TAB,IFNULL(e.TABLE_NAME_CN,a.DST_TAB) AS DST_TAB_CN
FROM t_job_sqoop_proc a
LEFT JOIN t_srm_datasource b ON a.SRC_DB_ID=b.ID
LEFT JOIN t_table c ON (a.SRC_TAB=c.TABLE_NAME AND a.SRC_USER=c.OWNER)
LEFT JOIN t_srm_datasource d ON a.DST_DB_ID=d.ID
LEFT JOIN t_table e ON (a.DST_TAB=e.TABLE_NAME AND a.DST_USER=e.OWNER)
WHERE a.GROUP_ID=69
 AND a.ID IN (151)
2020-08-24 16:51:52,371 - D:/panrui/svn_profile_dingdian/src/python/BDWorkflow/RunSqoop.py[line:149] - INFO: 
SELECT a.ID,a.SRC_USER,a.DST_USER,a.C_TABLE,a.P_KEY,a.TYPE_TAB,a.OPR_DIMENSION,a.COL_DIMENSION,a.OPR_COLUMN,a.OPR_TYPE,a.SRC_DB_ID,a.DST_DB_ID,
b.DB_LINK AS SRC_DB,b.DATABASE_NAME AS SRC_DATABASE_NAME,b.TYPE AS SRC_TYPE,b.USER_NAME AS SRC_USER_NAME,b.PASSWORD AS SRC_PASSWORD,
IFNULL(c.TABLE_NAME,a.SRC_TAB) AS SRC_TAB,IFNULL(c.TABLE_NAME_CN,a.SRC_TAB) AS SRC_TAB_CN,
d.DB_LINK AS DST_DB,d.DATABASE_NAME AS DST_DATABASE_NAME,d.TYPE AS DST_TYPE,d.USER_NAME AS DST_USER_NAME,d.PASSWORD AS DST_PASSWORD,
IFNULL(e.TABLE_NAME,a.DST_TAB) AS DST_TAB,IFNULL(e.TABLE_NAME_CN,a.DST_TAB) AS DST_TAB_CN
FROM t_job_sqoop_proc a
LEFT JOIN t_srm_datasource b ON a.SRC_DB_ID=b.ID
LEFT JOIN t_table c ON (a.SRC_TAB=c.TABLE_NAME AND a.SRC_USER=c.OWNER)
LEFT JOIN t_srm_datasource d ON a.DST_DB_ID=d.ID
LEFT JOIN t_table e ON (a.DST_TAB=e.TABLE_NAME AND a.DST_USER=e.OWNER)
WHERE a.GROUP_ID=69
 AND a.ID IN (151)
2020-08-24 16:55:21,835 - D:/panrui/svn_profile_dingdian/src/python/BDWorkflow/RunSqoop.py[line:149] - INFO: 
SELECT a.ID,a.SRC_USER,a.DST_USER,a.C_TABLE,a.P_KEY,a.TYPE_TAB,a.OPR_DIMENSION,a.COL_DIMENSION,a.OPR_COLUMN,a.OPR_TYPE,a.SRC_DB_ID,a.DST_DB_ID,
b.DB_LINK AS SRC_DB,b.DATABASE_NAME AS SRC_DATABASE_NAME,b.TYPE AS SRC_TYPE,b.USER_NAME AS SRC_USER_NAME,b.PASSWORD AS SRC_PASSWORD,
IFNULL(c.TABLE_NAME,a.SRC_TAB) AS SRC_TAB,IFNULL(c.TABLE_NAME_CN,a.SRC_TAB) AS SRC_TAB_CN,
d.DB_LINK AS DST_DB,d.DATABASE_NAME AS DST_DATABASE_NAME,d.TYPE AS DST_TYPE,d.USER_NAME AS DST_USER_NAME,d.PASSWORD AS DST_PASSWORD,
IFNULL(e.TABLE_NAME,a.DST_TAB) AS DST_TAB,IFNULL(e.TABLE_NAME_CN,a.DST_TAB) AS DST_TAB_CN
FROM t_job_sqoop_proc a
LEFT JOIN t_srm_datasource b ON a.SRC_DB_ID=b.ID
LEFT JOIN t_table c ON (a.SRC_TAB=c.TABLE_NAME AND a.SRC_USER=c.OWNER)
LEFT JOIN t_srm_datasource d ON a.DST_DB_ID=d.ID
LEFT JOIN t_table e ON (a.DST_TAB=e.TABLE_NAME AND a.DST_USER=e.OWNER)
WHERE a.GROUP_ID=69
 AND a.ID IN (151)
2020-08-24 16:56:18,745 - D:/panrui/svn_profile_dingdian/src/python/BDWorkflow/RunSqoop.py[line:149] - INFO: 
SELECT a.ID,a.SRC_USER,a.DST_USER,a.C_TABLE,a.P_KEY,a.TYPE_TAB,a.OPR_DIMENSION,a.COL_DIMENSION,a.OPR_COLUMN,a.OPR_TYPE,a.SRC_DB_ID,a.DST_DB_ID,
b.DB_LINK AS SRC_DB,b.DATABASE_NAME AS SRC_DATABASE_NAME,b.TYPE AS SRC_TYPE,b.USER_NAME AS SRC_USER_NAME,b.PASSWORD AS SRC_PASSWORD,
IFNULL(c.TABLE_NAME,a.SRC_TAB) AS SRC_TAB,IFNULL(c.TABLE_NAME_CN,a.SRC_TAB) AS SRC_TAB_CN,
d.DB_LINK AS DST_DB,d.DATABASE_NAME AS DST_DATABASE_NAME,d.TYPE AS DST_TYPE,d.USER_NAME AS DST_USER_NAME,d.PASSWORD AS DST_PASSWORD,
IFNULL(e.TABLE_NAME,a.DST_TAB) AS DST_TAB,IFNULL(e.TABLE_NAME_CN,a.DST_TAB) AS DST_TAB_CN
FROM t_job_sqoop_proc a
LEFT JOIN t_srm_datasource b ON a.SRC_DB_ID=b.ID
LEFT JOIN t_table c ON (a.SRC_TAB=c.TABLE_NAME AND a.SRC_USER=c.OWNER)
LEFT JOIN t_srm_datasource d ON a.DST_DB_ID=d.ID
LEFT JOIN t_table e ON (a.DST_TAB=e.TABLE_NAME AND a.DST_USER=e.OWNER)
WHERE a.GROUP_ID=69
 AND a.ID IN (151)
2020-08-24 16:56:40,046 - D:/panrui/svn_profile_dingdian/src/python/BDWorkflow/RunSqoop.py[line:149] - INFO: 
SELECT a.ID,a.SRC_USER,a.DST_USER,a.C_TABLE,a.P_KEY,a.TYPE_TAB,a.OPR_DIMENSION,a.COL_DIMENSION,a.OPR_COLUMN,a.OPR_TYPE,a.SRC_DB_ID,a.DST_DB_ID,
b.DB_LINK AS SRC_DB,b.DATABASE_NAME AS SRC_DATABASE_NAME,b.TYPE AS SRC_TYPE,b.USER_NAME AS SRC_USER_NAME,b.PASSWORD AS SRC_PASSWORD,
IFNULL(c.TABLE_NAME,a.SRC_TAB) AS SRC_TAB,IFNULL(c.TABLE_NAME_CN,a.SRC_TAB) AS SRC_TAB_CN,
d.DB_LINK AS DST_DB,d.DATABASE_NAME AS DST_DATABASE_NAME,d.TYPE AS DST_TYPE,d.USER_NAME AS DST_USER_NAME,d.PASSWORD AS DST_PASSWORD,
IFNULL(e.TABLE_NAME,a.DST_TAB) AS DST_TAB,IFNULL(e.TABLE_NAME_CN,a.DST_TAB) AS DST_TAB_CN
FROM t_job_sqoop_proc a
LEFT JOIN t_srm_datasource b ON a.SRC_DB_ID=b.ID
LEFT JOIN t_table c ON (a.SRC_TAB=c.TABLE_NAME AND a.SRC_USER=c.OWNER)
LEFT JOIN t_srm_datasource d ON a.DST_DB_ID=d.ID
LEFT JOIN t_table e ON (a.DST_TAB=e.TABLE_NAME AND a.DST_USER=e.OWNER)
WHERE a.GROUP_ID=69
 AND a.ID IN (151)
2020-08-24 16:59:24,107 - D:/panrui/svn_profile_dingdian/src/python/BDWorkflow/RunSqoop.py[line:149] - INFO: 
SELECT a.ID,a.SRC_USER,a.DST_USER,a.C_TABLE,a.P_KEY,a.TYPE_TAB,a.OPR_DIMENSION,a.COL_DIMENSION,a.OPR_COLUMN,a.OPR_TYPE,a.SRC_DB_ID,a.DST_DB_ID,
b.DB_LINK AS SRC_DB,b.DATABASE_NAME AS SRC_DATABASE_NAME,b.TYPE AS SRC_TYPE,b.USER_NAME AS SRC_USER_NAME,b.PASSWORD AS SRC_PASSWORD,
IFNULL(c.TABLE_NAME,a.SRC_TAB) AS SRC_TAB,IFNULL(c.TABLE_NAME_CN,a.SRC_TAB) AS SRC_TAB_CN,
d.DB_LINK AS DST_DB,d.DATABASE_NAME AS DST_DATABASE_NAME,d.TYPE AS DST_TYPE,d.USER_NAME AS DST_USER_NAME,d.PASSWORD AS DST_PASSWORD,
IFNULL(e.TABLE_NAME,a.DST_TAB) AS DST_TAB,IFNULL(e.TABLE_NAME_CN,a.DST_TAB) AS DST_TAB_CN
FROM t_job_sqoop_proc a
LEFT JOIN t_srm_datasource b ON a.SRC_DB_ID=b.ID
LEFT JOIN t_table c ON (a.SRC_TAB=c.TABLE_NAME AND a.SRC_USER=c.OWNER)
LEFT JOIN t_srm_datasource d ON a.DST_DB_ID=d.ID
LEFT JOIN t_table e ON (a.DST_TAB=e.TABLE_NAME AND a.DST_USER=e.OWNER)
WHERE a.GROUP_ID=69
 AND a.ID IN (151)
2020-08-24 17:01:09,972 - D:/panrui/svn_profile_dingdian/src/python/BDWorkflow/RunSqoop.py[line:605] - INFO: SELECT ID FROM t_etl_proc_log WHERE DETAIL_LOG_ID=6856 AND RUN_TYPE=2 AND STATUS=4
2020-08-24 17:06:03,892 - D:/panrui/svn_profile_dingdian/src/python/BDWorkflow/RunSqoop.py[line:149] - INFO: 
SELECT a.ID,a.SRC_USER,a.DST_USER,a.C_TABLE,a.P_KEY,a.TYPE_TAB,a.OPR_DIMENSION,a.COL_DIMENSION,a.OPR_COLUMN,a.OPR_TYPE,a.SRC_DB_ID,a.DST_DB_ID,
b.DB_LINK AS SRC_DB,b.DATABASE_NAME AS SRC_DATABASE_NAME,b.TYPE AS SRC_TYPE,b.USER_NAME AS SRC_USER_NAME,b.PASSWORD AS SRC_PASSWORD,
IFNULL(c.TABLE_NAME,a.SRC_TAB) AS SRC_TAB,IFNULL(c.TABLE_NAME_CN,a.SRC_TAB) AS SRC_TAB_CN,
d.DB_LINK AS DST_DB,d.DATABASE_NAME AS DST_DATABASE_NAME,d.TYPE AS DST_TYPE,d.USER_NAME AS DST_USER_NAME,d.PASSWORD AS DST_PASSWORD,
IFNULL(e.TABLE_NAME,a.DST_TAB) AS DST_TAB,IFNULL(e.TABLE_NAME_CN,a.DST_TAB) AS DST_TAB_CN
FROM t_job_sqoop_proc a
LEFT JOIN t_srm_datasource b ON a.SRC_DB_ID=b.ID
LEFT JOIN t_table c ON (a.SRC_TAB=c.TABLE_NAME AND a.SRC_USER=c.OWNER)
LEFT JOIN t_srm_datasource d ON a.DST_DB_ID=d.ID
LEFT JOIN t_table e ON (a.DST_TAB=e.TABLE_NAME AND a.DST_USER=e.OWNER)
WHERE a.GROUP_ID=69
 AND a.ID IN (151)
2020-08-24 17:06:48,439 - D:/panrui/svn_profile_dingdian/src/python/BDWorkflow/RunSqoop.py[line:149] - INFO: 
SELECT a.ID,a.SRC_USER,a.DST_USER,a.C_TABLE,a.P_KEY,a.TYPE_TAB,a.OPR_DIMENSION,a.COL_DIMENSION,a.OPR_COLUMN,a.OPR_TYPE,a.SRC_DB_ID,a.DST_DB_ID,
b.DB_LINK AS SRC_DB,b.DATABASE_NAME AS SRC_DATABASE_NAME,b.TYPE AS SRC_TYPE,b.USER_NAME AS SRC_USER_NAME,b.PASSWORD AS SRC_PASSWORD,
IFNULL(c.TABLE_NAME,a.SRC_TAB) AS SRC_TAB,IFNULL(c.TABLE_NAME_CN,a.SRC_TAB) AS SRC_TAB_CN,
d.DB_LINK AS DST_DB,d.DATABASE_NAME AS DST_DATABASE_NAME,d.TYPE AS DST_TYPE,d.USER_NAME AS DST_USER_NAME,d.PASSWORD AS DST_PASSWORD,
IFNULL(e.TABLE_NAME,a.DST_TAB) AS DST_TAB,IFNULL(e.TABLE_NAME_CN,a.DST_TAB) AS DST_TAB_CN
FROM t_job_sqoop_proc a
LEFT JOIN t_srm_datasource b ON a.SRC_DB_ID=b.ID
LEFT JOIN t_table c ON (a.SRC_TAB=c.TABLE_NAME AND a.SRC_USER=c.OWNER)
LEFT JOIN t_srm_datasource d ON a.DST_DB_ID=d.ID
LEFT JOIN t_table e ON (a.DST_TAB=e.TABLE_NAME AND a.DST_USER=e.OWNER)
WHERE a.GROUP_ID=69
 AND a.ID IN (151)
2020-08-24 17:10:38,533 - D:/panrui/svn_profile_dingdian/src/python/BDWorkflow/RunSqoop.py[line:150] - INFO: 
SELECT a.ID,a.SRC_USER,a.DST_USER,a.C_TABLE,a.P_KEY,a.TYPE_TAB,a.OPR_DIMENSION,a.COL_DIMENSION,a.OPR_COLUMN,a.OPR_TYPE,a.SRC_DB_ID,a.DST_DB_ID,
b.DB_LINK AS SRC_DB,b.DATABASE_NAME AS SRC_DATABASE_NAME,b.TYPE AS SRC_TYPE,b.USER_NAME AS SRC_USER_NAME,b.PASSWORD AS SRC_PASSWORD,
IFNULL(c.TABLE_NAME,a.SRC_TAB) AS SRC_TAB,IFNULL(c.TABLE_NAME_CN,a.SRC_TAB) AS SRC_TAB_CN,
d.DB_LINK AS DST_DB,d.DATABASE_NAME AS DST_DATABASE_NAME,d.TYPE AS DST_TYPE,d.USER_NAME AS DST_USER_NAME,d.PASSWORD AS DST_PASSWORD,
IFNULL(e.TABLE_NAME,a.DST_TAB) AS DST_TAB,IFNULL(e.TABLE_NAME_CN,a.DST_TAB) AS DST_TAB_CN
FROM t_job_sqoop_proc a
LEFT JOIN t_srm_datasource b ON a.SRC_DB_ID=b.ID
LEFT JOIN t_table c ON (a.SRC_TAB=c.TABLE_NAME AND a.SRC_USER=c.OWNER)
LEFT JOIN t_srm_datasource d ON a.DST_DB_ID=d.ID
LEFT JOIN t_table e ON (a.DST_TAB=e.TABLE_NAME AND a.DST_USER=e.OWNER)
WHERE a.GROUP_ID=69
 AND a.ID IN (151)
2020-08-24 17:15:14,554 - D:/panrui/svn_profile_dingdian/src/python/BDWorkflow/RunSqoop.py[line:150] - INFO: 
SELECT a.ID,a.SRC_USER,a.DST_USER,a.C_TABLE,a.P_KEY,a.TYPE_TAB,a.OPR_DIMENSION,a.COL_DIMENSION,a.OPR_COLUMN,a.OPR_TYPE,a.SRC_DB_ID,a.DST_DB_ID,
b.DB_LINK AS SRC_DB,b.DATABASE_NAME AS SRC_DATABASE_NAME,b.TYPE AS SRC_TYPE,b.USER_NAME AS SRC_USER_NAME,b.PASSWORD AS SRC_PASSWORD,
IFNULL(c.TABLE_NAME,a.SRC_TAB) AS SRC_TAB,IFNULL(c.TABLE_NAME_CN,a.SRC_TAB) AS SRC_TAB_CN,
d.DB_LINK AS DST_DB,d.DATABASE_NAME AS DST_DATABASE_NAME,d.TYPE AS DST_TYPE,d.USER_NAME AS DST_USER_NAME,d.PASSWORD AS DST_PASSWORD,
IFNULL(e.TABLE_NAME,a.DST_TAB) AS DST_TAB,IFNULL(e.TABLE_NAME_CN,a.DST_TAB) AS DST_TAB_CN
FROM t_job_sqoop_proc a
LEFT JOIN t_srm_datasource b ON a.SRC_DB_ID=b.ID
LEFT JOIN t_table c ON (a.SRC_TAB=c.TABLE_NAME AND a.SRC_USER=c.OWNER)
LEFT JOIN t_srm_datasource d ON a.DST_DB_ID=d.ID
LEFT JOIN t_table e ON (a.DST_TAB=e.TABLE_NAME AND a.DST_USER=e.OWNER)
WHERE a.GROUP_ID=69
 AND a.ID IN (151)
2020-08-24 17:22:28,190 - D:/panrui/svn_profile_dingdian/src/python/BDWorkflow/RunSqoop.py[line:73] - INFO: please input -t
2020-08-24 17:25:38,699 - D:/panrui/svn_profile_dingdian/src/python/BDWorkflow/RunSqoop.py[line:150] - INFO: 
SELECT a.ID,a.SRC_USER,a.DST_USER,a.C_TABLE,a.P_KEY,a.TYPE_TAB,a.OPR_DIMENSION,a.COL_DIMENSION,a.OPR_COLUMN,a.OPR_TYPE,a.SRC_DB_ID,a.DST_DB_ID,
b.DB_LINK AS SRC_DB,b.DATABASE_NAME AS SRC_DATABASE_NAME,b.TYPE AS SRC_TYPE,b.USER_NAME AS SRC_USER_NAME,b.PASSWORD AS SRC_PASSWORD,
IFNULL(c.TABLE_NAME,a.SRC_TAB) AS SRC_TAB,IFNULL(c.TABLE_NAME_CN,a.SRC_TAB) AS SRC_TAB_CN,
d.DB_LINK AS DST_DB,d.DATABASE_NAME AS DST_DATABASE_NAME,d.TYPE AS DST_TYPE,d.USER_NAME AS DST_USER_NAME,d.PASSWORD AS DST_PASSWORD,
IFNULL(e.TABLE_NAME,a.DST_TAB) AS DST_TAB,IFNULL(e.TABLE_NAME_CN,a.DST_TAB) AS DST_TAB_CN
FROM t_job_sqoop_proc a
LEFT JOIN t_srm_datasource b ON a.SRC_DB_ID=b.ID
LEFT JOIN t_table c ON (a.SRC_TAB=c.TABLE_NAME AND a.SRC_USER=c.OWNER)
LEFT JOIN t_srm_datasource d ON a.DST_DB_ID=d.ID
LEFT JOIN t_table e ON (a.DST_TAB=e.TABLE_NAME AND a.DST_USER=e.OWNER)
WHERE a.GROUP_ID=69
 AND a.ID IN (151)
2020-08-24 17:25:48,894 - D:/panrui/svn_profile_dingdian/src/python/BDWorkflow/RunSqoop.py[line:150] - INFO: 
SELECT a.ID,a.SRC_USER,a.DST_USER,a.C_TABLE,a.P_KEY,a.TYPE_TAB,a.OPR_DIMENSION,a.COL_DIMENSION,a.OPR_COLUMN,a.OPR_TYPE,a.SRC_DB_ID,a.DST_DB_ID,
b.DB_LINK AS SRC_DB,b.DATABASE_NAME AS SRC_DATABASE_NAME,b.TYPE AS SRC_TYPE,b.USER_NAME AS SRC_USER_NAME,b.PASSWORD AS SRC_PASSWORD,
IFNULL(c.TABLE_NAME,a.SRC_TAB) AS SRC_TAB,IFNULL(c.TABLE_NAME_CN,a.SRC_TAB) AS SRC_TAB_CN,
d.DB_LINK AS DST_DB,d.DATABASE_NAME AS DST_DATABASE_NAME,d.TYPE AS DST_TYPE,d.USER_NAME AS DST_USER_NAME,d.PASSWORD AS DST_PASSWORD,
IFNULL(e.TABLE_NAME,a.DST_TAB) AS DST_TAB,IFNULL(e.TABLE_NAME_CN,a.DST_TAB) AS DST_TAB_CN
FROM t_job_sqoop_proc a
LEFT JOIN t_srm_datasource b ON a.SRC_DB_ID=b.ID
LEFT JOIN t_table c ON (a.SRC_TAB=c.TABLE_NAME AND a.SRC_USER=c.OWNER)
LEFT JOIN t_srm_datasource d ON a.DST_DB_ID=d.ID
LEFT JOIN t_table e ON (a.DST_TAB=e.TABLE_NAME AND a.DST_USER=e.OWNER)
WHERE a.GROUP_ID=69
 AND a.ID IN (151)
2020-08-24 17:26:26,452 - D:/panrui/svn_profile_dingdian/src/python/BDWorkflow/RunSqoop.py[line:150] - INFO: 
SELECT a.ID,a.SRC_USER,a.DST_USER,a.C_TABLE,a.P_KEY,a.TYPE_TAB,a.OPR_DIMENSION,a.COL_DIMENSION,a.OPR_COLUMN,a.OPR_TYPE,a.SRC_DB_ID,a.DST_DB_ID,
b.DB_LINK AS SRC_DB,b.DATABASE_NAME AS SRC_DATABASE_NAME,b.TYPE AS SRC_TYPE,b.USER_NAME AS SRC_USER_NAME,b.PASSWORD AS SRC_PASSWORD,
IFNULL(c.TABLE_NAME,a.SRC_TAB) AS SRC_TAB,IFNULL(c.TABLE_NAME_CN,a.SRC_TAB) AS SRC_TAB_CN,
d.DB_LINK AS DST_DB,d.DATABASE_NAME AS DST_DATABASE_NAME,d.TYPE AS DST_TYPE,d.USER_NAME AS DST_USER_NAME,d.PASSWORD AS DST_PASSWORD,
IFNULL(e.TABLE_NAME,a.DST_TAB) AS DST_TAB,IFNULL(e.TABLE_NAME_CN,a.DST_TAB) AS DST_TAB_CN
FROM t_job_sqoop_proc a
LEFT JOIN t_srm_datasource b ON a.SRC_DB_ID=b.ID
LEFT JOIN t_table c ON (a.SRC_TAB=c.TABLE_NAME AND a.SRC_USER=c.OWNER)
LEFT JOIN t_srm_datasource d ON a.DST_DB_ID=d.ID
LEFT JOIN t_table e ON (a.DST_TAB=e.TABLE_NAME AND a.DST_USER=e.OWNER)
WHERE a.GROUP_ID=69
 AND a.ID IN (151)
2020-08-24 17:30:15,242 - D:/panrui/svn_profile_dingdian/src/python/BDWorkflow/RunSqoop.py[line:150] - INFO: 
SELECT a.ID,a.SRC_USER,a.DST_USER,a.C_TABLE,a.P_KEY,a.TYPE_TAB,a.OPR_DIMENSION,a.COL_DIMENSION,a.OPR_COLUMN,a.OPR_TYPE,a.SRC_DB_ID,a.DST_DB_ID,
b.DB_LINK AS SRC_DB,b.DATABASE_NAME AS SRC_DATABASE_NAME,b.TYPE AS SRC_TYPE,b.USER_NAME AS SRC_USER_NAME,b.PASSWORD AS SRC_PASSWORD,
IFNULL(c.TABLE_NAME,a.SRC_TAB) AS SRC_TAB,IFNULL(c.TABLE_NAME_CN,a.SRC_TAB) AS SRC_TAB_CN,
d.DB_LINK AS DST_DB,d.DATABASE_NAME AS DST_DATABASE_NAME,d.TYPE AS DST_TYPE,d.USER_NAME AS DST_USER_NAME,d.PASSWORD AS DST_PASSWORD,
IFNULL(e.TABLE_NAME,a.DST_TAB) AS DST_TAB,IFNULL(e.TABLE_NAME_CN,a.DST_TAB) AS DST_TAB_CN
FROM t_job_sqoop_proc a
LEFT JOIN t_srm_datasource b ON a.SRC_DB_ID=b.ID
LEFT JOIN t_table c ON (a.SRC_TAB=c.TABLE_NAME AND a.SRC_USER=c.OWNER)
LEFT JOIN t_srm_datasource d ON a.DST_DB_ID=d.ID
LEFT JOIN t_table e ON (a.DST_TAB=e.TABLE_NAME AND a.DST_USER=e.OWNER)
WHERE a.GROUP_ID=69
 AND a.ID IN (151)
2020-08-24 17:31:03,991 - D:/panrui/svn_profile_dingdian/src/python/BDWorkflow/RunSqoop.py[line:150] - INFO: 
SELECT a.ID,a.SRC_USER,a.DST_USER,a.C_TABLE,a.P_KEY,a.TYPE_TAB,a.OPR_DIMENSION,a.COL_DIMENSION,a.OPR_COLUMN,a.OPR_TYPE,a.SRC_DB_ID,a.DST_DB_ID,
b.DB_LINK AS SRC_DB,b.DATABASE_NAME AS SRC_DATABASE_NAME,b.TYPE AS SRC_TYPE,b.USER_NAME AS SRC_USER_NAME,b.PASSWORD AS SRC_PASSWORD,
IFNULL(c.TABLE_NAME,a.SRC_TAB) AS SRC_TAB,IFNULL(c.TABLE_NAME_CN,a.SRC_TAB) AS SRC_TAB_CN,
d.DB_LINK AS DST_DB,d.DATABASE_NAME AS DST_DATABASE_NAME,d.TYPE AS DST_TYPE,d.USER_NAME AS DST_USER_NAME,d.PASSWORD AS DST_PASSWORD,
IFNULL(e.TABLE_NAME,a.DST_TAB) AS DST_TAB,IFNULL(e.TABLE_NAME_CN,a.DST_TAB) AS DST_TAB_CN
FROM t_job_sqoop_proc a
LEFT JOIN t_srm_datasource b ON a.SRC_DB_ID=b.ID
LEFT JOIN t_table c ON (a.SRC_TAB=c.TABLE_NAME AND a.SRC_USER=c.OWNER)
LEFT JOIN t_srm_datasource d ON a.DST_DB_ID=d.ID
LEFT JOIN t_table e ON (a.DST_TAB=e.TABLE_NAME AND a.DST_USER=e.OWNER)
WHERE a.GROUP_ID=69
 AND a.ID IN (151)
2020-08-24 17:31:44,998 - D:/panrui/svn_profile_dingdian/src/python/BDWorkflow/RunSqoop.py[line:150] - INFO: 
SELECT a.ID,a.SRC_USER,a.DST_USER,a.C_TABLE,a.P_KEY,a.TYPE_TAB,a.OPR_DIMENSION,a.COL_DIMENSION,a.OPR_COLUMN,a.OPR_TYPE,a.SRC_DB_ID,a.DST_DB_ID,
b.DB_LINK AS SRC_DB,b.DATABASE_NAME AS SRC_DATABASE_NAME,b.TYPE AS SRC_TYPE,b.USER_NAME AS SRC_USER_NAME,b.PASSWORD AS SRC_PASSWORD,
IFNULL(c.TABLE_NAME,a.SRC_TAB) AS SRC_TAB,IFNULL(c.TABLE_NAME_CN,a.SRC_TAB) AS SRC_TAB_CN,
d.DB_LINK AS DST_DB,d.DATABASE_NAME AS DST_DATABASE_NAME,d.TYPE AS DST_TYPE,d.USER_NAME AS DST_USER_NAME,d.PASSWORD AS DST_PASSWORD,
IFNULL(e.TABLE_NAME,a.DST_TAB) AS DST_TAB,IFNULL(e.TABLE_NAME_CN,a.DST_TAB) AS DST_TAB_CN
FROM t_job_sqoop_proc a
LEFT JOIN t_srm_datasource b ON a.SRC_DB_ID=b.ID
LEFT JOIN t_table c ON (a.SRC_TAB=c.TABLE_NAME AND a.SRC_USER=c.OWNER)
LEFT JOIN t_srm_datasource d ON a.DST_DB_ID=d.ID
LEFT JOIN t_table e ON (a.DST_TAB=e.TABLE_NAME AND a.DST_USER=e.OWNER)
WHERE a.GROUP_ID=69
 AND a.ID IN (151)
2020-08-24 17:32:41,501 - D:/panrui/svn_profile_dingdian/src/python/BDWorkflow/RunSqoop.py[line:150] - INFO: 
SELECT a.ID,a.SRC_USER,a.DST_USER,a.C_TABLE,a.P_KEY,a.TYPE_TAB,a.OPR_DIMENSION,a.COL_DIMENSION,a.OPR_COLUMN,a.OPR_TYPE,a.SRC_DB_ID,a.DST_DB_ID,
b.DB_LINK AS SRC_DB,b.DATABASE_NAME AS SRC_DATABASE_NAME,b.TYPE AS SRC_TYPE,b.USER_NAME AS SRC_USER_NAME,b.PASSWORD AS SRC_PASSWORD,
IFNULL(c.TABLE_NAME,a.SRC_TAB) AS SRC_TAB,IFNULL(c.TABLE_NAME_CN,a.SRC_TAB) AS SRC_TAB_CN,
d.DB_LINK AS DST_DB,d.DATABASE_NAME AS DST_DATABASE_NAME,d.TYPE AS DST_TYPE,d.USER_NAME AS DST_USER_NAME,d.PASSWORD AS DST_PASSWORD,
IFNULL(e.TABLE_NAME,a.DST_TAB) AS DST_TAB,IFNULL(e.TABLE_NAME_CN,a.DST_TAB) AS DST_TAB_CN
FROM t_job_sqoop_proc a
LEFT JOIN t_srm_datasource b ON a.SRC_DB_ID=b.ID
LEFT JOIN t_table c ON (a.SRC_TAB=c.TABLE_NAME AND a.SRC_USER=c.OWNER)
LEFT JOIN t_srm_datasource d ON a.DST_DB_ID=d.ID
LEFT JOIN t_table e ON (a.DST_TAB=e.TABLE_NAME AND a.DST_USER=e.OWNER)
WHERE a.GROUP_ID=69
 AND a.ID IN (151)
2020-08-24 17:33:46,669 - D:/panrui/svn_profile_dingdian/src/python/BDWorkflow/RunSqoop.py[line:150] - INFO: 
SELECT a.ID,a.SRC_USER,a.DST_USER,a.C_TABLE,a.P_KEY,a.TYPE_TAB,a.OPR_DIMENSION,a.COL_DIMENSION,a.OPR_COLUMN,a.OPR_TYPE,a.SRC_DB_ID,a.DST_DB_ID,
b.DB_LINK AS SRC_DB,b.DATABASE_NAME AS SRC_DATABASE_NAME,b.TYPE AS SRC_TYPE,b.USER_NAME AS SRC_USER_NAME,b.PASSWORD AS SRC_PASSWORD,
IFNULL(c.TABLE_NAME,a.SRC_TAB) AS SRC_TAB,IFNULL(c.TABLE_NAME_CN,a.SRC_TAB) AS SRC_TAB_CN,
d.DB_LINK AS DST_DB,d.DATABASE_NAME AS DST_DATABASE_NAME,d.TYPE AS DST_TYPE,d.USER_NAME AS DST_USER_NAME,d.PASSWORD AS DST_PASSWORD,
IFNULL(e.TABLE_NAME,a.DST_TAB) AS DST_TAB,IFNULL(e.TABLE_NAME_CN,a.DST_TAB) AS DST_TAB_CN
FROM t_job_sqoop_proc a
LEFT JOIN t_srm_datasource b ON a.SRC_DB_ID=b.ID
LEFT JOIN t_table c ON (a.SRC_TAB=c.TABLE_NAME AND a.SRC_USER=c.OWNER)
LEFT JOIN t_srm_datasource d ON a.DST_DB_ID=d.ID
LEFT JOIN t_table e ON (a.DST_TAB=e.TABLE_NAME AND a.DST_USER=e.OWNER)
WHERE a.GROUP_ID=69
 AND a.ID IN (151)
2020-08-24 17:34:14,213 - D:/panrui/svn_profile_dingdian/src/python/BDWorkflow/RunSqoop.py[line:150] - INFO: 
SELECT a.ID,a.SRC_USER,a.DST_USER,a.C_TABLE,a.P_KEY,a.TYPE_TAB,a.OPR_DIMENSION,a.COL_DIMENSION,a.OPR_COLUMN,a.OPR_TYPE,a.SRC_DB_ID,a.DST_DB_ID,
b.DB_LINK AS SRC_DB,b.DATABASE_NAME AS SRC_DATABASE_NAME,b.TYPE AS SRC_TYPE,b.USER_NAME AS SRC_USER_NAME,b.PASSWORD AS SRC_PASSWORD,
IFNULL(c.TABLE_NAME,a.SRC_TAB) AS SRC_TAB,IFNULL(c.TABLE_NAME_CN,a.SRC_TAB) AS SRC_TAB_CN,
d.DB_LINK AS DST_DB,d.DATABASE_NAME AS DST_DATABASE_NAME,d.TYPE AS DST_TYPE,d.USER_NAME AS DST_USER_NAME,d.PASSWORD AS DST_PASSWORD,
IFNULL(e.TABLE_NAME,a.DST_TAB) AS DST_TAB,IFNULL(e.TABLE_NAME_CN,a.DST_TAB) AS DST_TAB_CN
FROM t_job_sqoop_proc a
LEFT JOIN t_srm_datasource b ON a.SRC_DB_ID=b.ID
LEFT JOIN t_table c ON (a.SRC_TAB=c.TABLE_NAME AND a.SRC_USER=c.OWNER)
LEFT JOIN t_srm_datasource d ON a.DST_DB_ID=d.ID
LEFT JOIN t_table e ON (a.DST_TAB=e.TABLE_NAME AND a.DST_USER=e.OWNER)
WHERE a.GROUP_ID=69
 AND a.ID IN (151)
2020-08-24 17:40:11,870 - D:/panrui/svn_profile_dingdian/src/python/BDWorkflow/RunSqoop.py[line:150] - INFO: 
SELECT a.ID,a.SRC_USER,a.DST_USER,a.C_TABLE,a.P_KEY,a.TYPE_TAB,a.OPR_DIMENSION,a.COL_DIMENSION,a.OPR_COLUMN,a.OPR_TYPE,a.SRC_DB_ID,a.DST_DB_ID,
b.DB_LINK AS SRC_DB,b.DATABASE_NAME AS SRC_DATABASE_NAME,b.TYPE AS SRC_TYPE,b.USER_NAME AS SRC_USER_NAME,b.PASSWORD AS SRC_PASSWORD,
IFNULL(c.TABLE_NAME,a.SRC_TAB) AS SRC_TAB,IFNULL(c.TABLE_NAME_CN,a.SRC_TAB) AS SRC_TAB_CN,
d.DB_LINK AS DST_DB,d.DATABASE_NAME AS DST_DATABASE_NAME,d.TYPE AS DST_TYPE,d.USER_NAME AS DST_USER_NAME,d.PASSWORD AS DST_PASSWORD,
IFNULL(e.TABLE_NAME,a.DST_TAB) AS DST_TAB,IFNULL(e.TABLE_NAME_CN,a.DST_TAB) AS DST_TAB_CN
FROM t_job_sqoop_proc a
LEFT JOIN t_srm_datasource b ON a.SRC_DB_ID=b.ID
LEFT JOIN t_table c ON (a.SRC_TAB=c.TABLE_NAME AND a.SRC_USER=c.OWNER)
LEFT JOIN t_srm_datasource d ON a.DST_DB_ID=d.ID
LEFT JOIN t_table e ON (a.DST_TAB=e.TABLE_NAME AND a.DST_USER=e.OWNER)
WHERE a.GROUP_ID=69
 AND a.ID IN (151)
2020-08-24 17:41:00,422 - D:/panrui/svn_profile_dingdian/src/python/BDWorkflow/RunSqoop.py[line:150] - INFO: 
SELECT a.ID,a.SRC_USER,a.DST_USER,a.C_TABLE,a.P_KEY,a.TYPE_TAB,a.OPR_DIMENSION,a.COL_DIMENSION,a.OPR_COLUMN,a.OPR_TYPE,a.SRC_DB_ID,a.DST_DB_ID,
b.DB_LINK AS SRC_DB,b.DATABASE_NAME AS SRC_DATABASE_NAME,b.TYPE AS SRC_TYPE,b.USER_NAME AS SRC_USER_NAME,b.PASSWORD AS SRC_PASSWORD,
IFNULL(c.TABLE_NAME,a.SRC_TAB) AS SRC_TAB,IFNULL(c.TABLE_NAME_CN,a.SRC_TAB) AS SRC_TAB_CN,
d.DB_LINK AS DST_DB,d.DATABASE_NAME AS DST_DATABASE_NAME,d.TYPE AS DST_TYPE,d.USER_NAME AS DST_USER_NAME,d.PASSWORD AS DST_PASSWORD,
IFNULL(e.TABLE_NAME,a.DST_TAB) AS DST_TAB,IFNULL(e.TABLE_NAME_CN,a.DST_TAB) AS DST_TAB_CN
FROM t_job_sqoop_proc a
LEFT JOIN t_srm_datasource b ON a.SRC_DB_ID=b.ID
LEFT JOIN t_table c ON (a.SRC_TAB=c.TABLE_NAME AND a.SRC_USER=c.OWNER)
LEFT JOIN t_srm_datasource d ON a.DST_DB_ID=d.ID
LEFT JOIN t_table e ON (a.DST_TAB=e.TABLE_NAME AND a.DST_USER=e.OWNER)
WHERE a.GROUP_ID=69
 AND a.ID IN (151)
